<?xml version="1.0" encoding="utf-8"?><testsuites><testsuite name="pytest" errors="0" failures="0" skipped="0" tests="8" time="22.491" timestamp="2023-04-14T15:20:23.362701" hostname="biobb-runners"><testcase classname="biobb_vs.test.unitests.test_fpocket.test_fpocket_filter.TestFPocketFilter" name="test_fpocket_filter" time="0.055" /><testcase classname="biobb_vs.test.unitests.test_fpocket.test_fpocket_run.TestFPocketRun" name="test_fpocket_run" time="0.968" /><testcase classname="biobb_vs.test.unitests.test_fpocket.test_fpocket_select.TestFPocketSelect" name="test_fpocket_select" time="0.034" /><testcase classname="biobb_vs.test.unitests.test_utils.test_bindingsite.TestBindingSite" name="test_bindingsite" time="3.748" /><testcase classname="biobb_vs.test.unitests.test_utils.test_box.TestBox" name="test_box" time="0.027" /><testcase classname="biobb_vs.test.unitests.test_utils.test_box_residues.TestBoxResidues" name="test_box_residues" time="0.086" /><testcase classname="biobb_vs.test.unitests.test_utils.test_extract_model_pdbqt.TestExtractModelPDBQT" name="test_extract_model_pdbqt" time="0.028" /><testcase classname="biobb_vs.test.unitests.test_vina.test_autodock_vina_run.TestAutoDockVinaRun" name="test_autodock_vina_run" time="16.794" /></testsuite></testsuites>