<?xml version="1.0" encoding="utf-8"?><testsuites><testsuite name="pytest" errors="0" failures="0" skipped="0" tests="7" time="18.636" timestamp="2023-09-07T11:00:43.434662" hostname="biobb-runners"><testcase classname="biobb_vs.test.unitests.test_fpocket.test_fpocket_filter.TestFPocketFilter" name="test_fpocket_filter" time="0.050" /><testcase classname="biobb_vs.test.unitests.test_fpocket.test_fpocket_run.TestFPocketRun" name="test_fpocket_run" time="1.015" /><testcase classname="biobb_vs.test.unitests.test_fpocket.test_fpocket_select.TestFPocketSelect" name="test_fpocket_select" time="0.033" /><testcase classname="biobb_vs.test.unitests.test_utils.test_box.TestBox" name="test_box" time="0.026" /><testcase classname="biobb_vs.test.unitests.test_utils.test_box_residues.TestBoxResidues" name="test_box_residues" time="0.075" /><testcase classname="biobb_vs.test.unitests.test_utils.test_extract_model_pdbqt.TestExtractModelPDBQT" name="test_extract_model_pdbqt" time="0.026" /><testcase classname="biobb_vs.test.unitests.test_vina.test_autodock_vina_run.TestAutoDockVinaRun" name="test_autodock_vina_run" time="16.997" /></testsuite></testsuites>