<?xml version="1.0" encoding="utf-8"?><testsuites><testsuite name="pytest" errors="0" failures="0" skipped="0" tests="7" time="18.852" timestamp="2023-09-14T10:15:47.916142" hostname="biobb-runners"><testcase classname="biobb_vs.test.unitests.test_fpocket.test_fpocket_filter.TestFPocketFilter" name="test_fpocket_filter" time="0.052" /><testcase classname="biobb_vs.test.unitests.test_fpocket.test_fpocket_run.TestFPocketRun" name="test_fpocket_run" time="1.104" /><testcase classname="biobb_vs.test.unitests.test_fpocket.test_fpocket_select.TestFPocketSelect" name="test_fpocket_select" time="0.029" /><testcase classname="biobb_vs.test.unitests.test_utils.test_box.TestBox" name="test_box" time="0.024" /><testcase classname="biobb_vs.test.unitests.test_utils.test_box_residues.TestBoxResidues" name="test_box_residues" time="0.074" /><testcase classname="biobb_vs.test.unitests.test_utils.test_extract_model_pdbqt.TestExtractModelPDBQT" name="test_extract_model_pdbqt" time="0.025" /><testcase classname="biobb_vs.test.unitests.test_vina.test_autodock_vina_run.TestAutoDockVinaRun" name="test_autodock_vina_run" time="17.124" /></testsuite></testsuites>