<?xml version="1.0" encoding="utf-8"?><testsuites><testsuite name="pytest" errors="0" failures="0" skipped="0" tests="7" time="19.085" timestamp="2024-03-05T11:29:21.300596" hostname="biobb-runners"><testcase classname="biobb_vs.test.unitests.test_fpocket.test_fpocket_filter.TestFPocketFilter" name="test_fpocket_filter" time="0.052" /><testcase classname="biobb_vs.test.unitests.test_fpocket.test_fpocket_run.TestFPocketRun" name="test_fpocket_run" time="1.132" /><testcase classname="biobb_vs.test.unitests.test_fpocket.test_fpocket_select.TestFPocketSelect" name="test_fpocket_select" time="0.030" /><testcase classname="biobb_vs.test.unitests.test_utils.test_box.TestBox" name="test_box" time="0.024" /><testcase classname="biobb_vs.test.unitests.test_utils.test_box_residues.TestBoxResidues" name="test_box_residues" time="0.075" /><testcase classname="biobb_vs.test.unitests.test_utils.test_extract_model_pdbqt.TestExtractModelPDBQT" name="test_extract_model_pdbqt" time="0.026" /><testcase classname="biobb_vs.test.unitests.test_vina.test_autodock_vina_run.TestAutoDockVinaRun" name="test_autodock_vina_run" time="17.302" /></testsuite></testsuites>